2016-07-04 15:28:39,176 : DEBUG : ==============================
2016-07-04 15:28:39,176 : DEBUG : None
2016-07-04 15:28:39,176 : DEBUG : ==============================
2016-07-04 15:28:39,176 : DEBUG : start running!
2016-07-04 15:28:39,176 : DEBUG : ====================
2016-07-04 15:28:39,360 : INFO : Pattern library is not installed, lemmatization won't be available.
2016-07-04 15:28:39,487 : DEBUG : Fast version of gensim.models.word2vec is being used
2016-07-04 15:28:39,488 : DEBUG : Fast version of gensim.models.doc2vec is being used
2016-07-04 15:28:39,492 : INFO : 'pattern' package not found; tag filters are not available for English
2016-07-04 15:28:40,351 : DEBUG : Building prefix dict from the default dictionary ...
2016-07-04 15:28:40,352 : DEBUG : Loading model from cache /tmp/jieba.cache
2016-07-04 15:28:40,634 : DEBUG : Loading model cost 0.283 seconds.
2016-07-04 15:28:40,635 : DEBUG : Prefix dict has been built succesfully.
2016-07-04 15:28:40,681 : DEBUG : /home/jdwang/PycharmProjects/weiboStanceDetection/train_data/TaskAA_train_data_full_2090.csv
2016-07-04 15:28:40,681 : DEBUG : /home/jdwang/PycharmProjects/weiboStanceDetection/train_data/TaskAA_test_data_Mhalf_896.csv
2016-07-04 15:28:40,858 : DEBUG : ====================
2016-07-04 15:28:56,067 : DEBUG : ====================
2016-07-04 15:28:56,067 : DEBUG : 首先,构建训练库字典,然后将每个词映射到一个索引,再将所有句子映射成索引的列表
2016-07-04 15:28:56,077 : INFO : adding document #0 to Dictionary(0 unique tokens: [])
2016-07-04 15:28:56,229 : INFO : built Dictionary(14109 unique tokens: [u'\u8000', u'\u5f53\u4eca\u793e\u4f1a', u'\u52b1\u5fd7', u'\u5965\u8fea', u'\u6d89']...) from 2090 documents (total 93150 corpus positions)
2016-07-04 15:28:56,229 : INFO : adding document #0 to Dictionary(14109 unique tokens: [u'\u8000', u'\u5f53\u4eca\u793e\u4f1a', u'\u52b1\u5fd7', u'\u5965\u8fea', u'\u6d89']...)
2016-07-04 15:28:56,229 : INFO : built Dictionary(14110 unique tokens: [u'\u8000', u'\u5f53\u4eca\u793e\u4f1a', u'\u52b1\u5fd7', u'\u5965\u8fea', u'\u6d89']...) from 2091 documents (total 93151 corpus positions)
2016-07-04 15:29:18,302 : DEBUG : {'verbose': 0, 'padding_mode': 'center', 'replace_number': True, 'train_data_dict_size': 14110, 'mask_zero': True, 'sentence_padding_length': 150, 'remove_stopword': True, 'add_unkown_word': True, 'train_data_count': 2090, 'need_segmented': True, 'full_mode': True}
2016-07-04 15:29:18,302 : INFO : loading Word2Vec object from /home/jdwang/PycharmProjects/weiboStanceDetection/data_processing/word2vec/vector/train_data_full_20963_300dim_50iter_cbow.gem
2016-07-04 15:29:18,567 : INFO : loading syn1neg from /home/jdwang/PycharmProjects/weiboStanceDetection/data_processing/word2vec/vector/train_data_full_20963_300dim_50iter_cbow.gem.syn1neg.npy with mmap=None
2016-07-04 15:29:18,770 : INFO : loading syn0 from /home/jdwang/PycharmProjects/weiboStanceDetection/data_processing/word2vec/vector/train_data_full_20963_300dim_50iter_cbow.gem.syn0.npy with mmap=None
2016-07-04 15:29:18,947 : INFO : setting ignored attribute syn0norm to None
2016-07-04 15:29:18,947 : INFO : setting ignored attribute cum_table to None
2016-07-04 15:29:22,038 : DEBUG : {'earlyStoping_patience': 150, 'verbose': 1, 'embedding_init use rand': False, 'rand_seed': 1000, 'embedding_dropout_rate': 0.5, 'num_labels': 3, 'nb_epoch': 100, 'output_dropout_rate': 0.5, 'input_dim': 14111, 'word_embedding_dim': 300, 'kmaxpooling_k': 1, 'conv_filter_type': [[100, 2, 300, 'valid'], [100, 4, 300, 'valid'], [100, 8, 300, 'valid']], 'input_length': 150}
2016-07-04 15:29:28,747 : DEBUG : --------------------
