2016-07-04 20:20:53,817 : DEBUG : ==============================
2016-07-04 20:20:53,817 : DEBUG : None
2016-07-04 20:20:53,817 : DEBUG : ==============================
2016-07-04 20:20:53,817 : DEBUG : start running!
2016-07-04 20:20:53,817 : DEBUG : ====================
2016-07-04 20:20:54,245 : INFO : Pattern library is not installed, lemmatization won't be available.
2016-07-04 20:20:54,455 : DEBUG : Fast version of gensim.models.word2vec is being used
2016-07-04 20:20:54,458 : DEBUG : Fast version of gensim.models.doc2vec is being used
2016-07-04 20:20:54,466 : INFO : 'pattern' package not found; tag filters are not available for English
2016-07-04 20:20:55,765 : DEBUG : Building prefix dict from the default dictionary ...
2016-07-04 20:20:55,766 : DEBUG : Loading model from cache /tmp/jieba.cache
2016-07-04 20:20:56,099 : DEBUG : Loading model cost 0.333 seconds.
2016-07-04 20:20:56,099 : DEBUG : Prefix dict has been built succesfully.
2016-07-04 20:20:56,190 : DEBUG : /home/jdwang/PycharmProjects/weiboStanceDetection/train_data/train_data_full_2090.csv
2016-07-04 20:20:56,190 : DEBUG : /home/jdwang/PycharmProjects/weiboStanceDetection/train_data/test_data_full_896.csv
2016-07-04 20:20:56,495 : DEBUG : ====================
2016-07-04 20:21:21,342 : DEBUG : ====================
2016-07-04 20:21:21,342 : DEBUG : 首先,构建训练库字典,然后将每个词映射到一个索引,再将所有句子映射成索引的列表
2016-07-04 20:21:21,356 : INFO : adding document #0 to Dictionary(0 unique tokens: [])
2016-07-04 20:21:21,574 : INFO : built Dictionary(14109 unique tokens: [u'\u8000', u'\u5f53\u4eca\u793e\u4f1a', u'\u52b1\u5fd7', u'\u5965\u8fea', u'\u6d89']...) from 2090 documents (total 93150 corpus positions)
2016-07-04 20:21:21,574 : INFO : adding document #0 to Dictionary(14109 unique tokens: [u'\u8000', u'\u5f53\u4eca\u793e\u4f1a', u'\u52b1\u5fd7', u'\u5965\u8fea', u'\u6d89']...)
2016-07-04 20:21:21,574 : INFO : built Dictionary(14110 unique tokens: [u'\u8000', u'\u5f53\u4eca\u793e\u4f1a', u'\u52b1\u5fd7', u'\u5965\u8fea', u'\u6d89']...) from 2091 documents (total 93151 corpus positions)
2016-07-04 20:21:45,514 : DEBUG : {'verbose': 0, 'padding_mode': 'center', 'replace_number': True, 'train_data_dict_size': 14110, 'mask_zero': True, 'sentence_padding_length': 50, 'remove_stopword': True, 'add_unkown_word': True, 'train_data_count': 2090, 'need_segmented': True, 'full_mode': True}
2016-07-04 20:22:10,265 : DEBUG : {'earlyStoping_patience': 5, 'verbose': 3, 'rand_seed': 1337, 'embedding_dropout_rate': 0.5, 'num_labels': 3, 'kmaxpooling_ktop': 1, 'nb_epoch': 10, 'output_dropout_rate': 0.5, 'input_dim': 14110, 'word_embedding_dim': 32, 'conv_filter_type': [[10, 2, 'full'], [10, 4, 'full']], 'input_length': 50}
2016-07-04 20:22:20,820 : DEBUG : 已处理0个数据。训练误差为：1.103537
2016-07-04 20:22:20,930 : DEBUG : 已处理32个数据。训练误差为：2.207278
2016-07-04 20:22:21,040 : DEBUG : 已处理64个数据。训练误差为：3.311091
2016-07-04 20:22:21,167 : DEBUG : 已处理96个数据。训练误差为：4.414501
2016-07-04 20:22:21,285 : DEBUG : 已处理128个数据。训练误差为：5.518275
2016-07-04 20:22:21,395 : DEBUG : 已处理160个数据。训练误差为：6.621891
2016-07-04 20:22:21,509 : DEBUG : 已处理192个数据。训练误差为：7.725862
2016-07-04 20:22:21,619 : DEBUG : 已处理224个数据。训练误差为：8.829343
2016-07-04 20:22:21,732 : DEBUG : 已处理256个数据。训练误差为：9.932735
2016-07-04 20:22:21,845 : DEBUG : 已处理288个数据。训练误差为：11.036736
2016-07-04 20:22:21,948 : DEBUG : 已处理320个数据。训练误差为：12.140498
2016-07-04 20:22:22,059 : DEBUG : 已处理352个数据。训练误差为：13.244153
2016-07-04 20:22:22,192 : DEBUG : 已处理384个数据。训练误差为：14.347740
2016-07-04 20:22:22,318 : DEBUG : 已处理416个数据。训练误差为：15.451447
2016-07-04 20:22:22,420 : DEBUG : 已处理448个数据。训练误差为：16.554827
2016-07-04 20:22:22,524 : DEBUG : 已处理480个数据。训练误差为：17.658487
2016-07-04 20:22:22,637 : DEBUG : 已处理512个数据。训练误差为：18.762194
2016-07-04 20:22:22,739 : DEBUG : 已处理544个数据。训练误差为：19.865580
2016-07-04 20:22:22,842 : DEBUG : 已处理576个数据。训练误差为：20.969201
2016-07-04 20:22:22,947 : DEBUG : 已处理608个数据。训练误差为：22.072954
2016-07-04 20:22:23,054 : DEBUG : 已处理640个数据。训练误差为：23.176413
2016-07-04 20:22:23,264 : DEBUG : 已处理672个数据。训练误差为：24.280023
2016-07-04 20:22:23,397 : DEBUG : 已处理704个数据。训练误差为：25.383563
2016-07-04 20:22:23,506 : DEBUG : 已处理736个数据。训练误差为：26.487288
2016-07-04 20:22:23,612 : DEBUG : 已处理768个数据。训练误差为：27.590923
2016-07-04 20:22:23,715 : DEBUG : 已处理800个数据。训练误差为：28.694766
2016-07-04 20:22:23,820 : DEBUG : 已处理832个数据。训练误差为：29.798663
2016-07-04 20:22:23,923 : DEBUG : 已处理864个数据。训练误差为：30.902045
2016-07-04 20:22:24,028 : DEBUG : 已处理896个数据。训练误差为：32.005876
2016-07-04 20:22:24,138 : DEBUG : 已处理928个数据。训练误差为：33.109517
2016-07-04 20:22:24,253 : DEBUG : 已处理960个数据。训练误差为：34.213103
2016-07-04 20:22:24,365 : DEBUG : 已处理992个数据。训练误差为：35.316702
2016-07-04 20:22:24,474 : DEBUG : 已处理1024个数据。训练误差为：36.420428
2016-07-04 20:22:24,584 : DEBUG : 已处理1056个数据。训练误差为：37.523978
2016-07-04 20:22:24,696 : DEBUG : 已处理1088个数据。训练误差为：38.627739
2016-07-04 20:22:24,804 : DEBUG : 已处理1120个数据。训练误差为：39.731574
2016-07-04 20:22:24,917 : DEBUG : 已处理1152个数据。训练误差为：40.835193
2016-07-04 20:22:25,024 : DEBUG : 已处理1184个数据。训练误差为：41.938816
2016-07-04 20:22:25,134 : DEBUG : 已处理1216个数据。训练误差为：43.042440
2016-07-04 20:22:25,241 : DEBUG : 已处理1248个数据。训练误差为：44.146043
2016-07-04 20:22:25,350 : DEBUG : 已处理1280个数据。训练误差为：45.249456
2016-07-04 20:22:25,478 : DEBUG : 已处理1312个数据。训练误差为：46.352884
2016-07-04 20:22:25,603 : DEBUG : 已处理1344个数据。训练误差为：47.456647
2016-07-04 20:22:25,736 : DEBUG : 已处理1376个数据。训练误差为：48.560123
2016-07-04 20:22:25,859 : DEBUG : 已处理1408个数据。训练误差为：49.663610
2016-07-04 20:22:25,970 : DEBUG : 已处理1440个数据。训练误差为：50.767258
2016-07-04 20:22:26,080 : DEBUG : 已处理1472个数据。训练误差为：51.870568
2016-07-04 20:22:26,197 : DEBUG : 已处理1504个数据。训练误差为：52.974127
2016-07-04 20:22:26,307 : DEBUG : 已处理1536个数据。训练误差为：54.077769
2016-07-04 20:22:26,422 : DEBUG : 已处理1568个数据。训练误差为：55.181239
2016-07-04 20:22:26,538 : DEBUG : 已处理1600个数据。训练误差为：56.284967
2016-07-04 20:22:26,654 : DEBUG : 已处理1632个数据。训练误差为：57.388197
2016-07-04 20:22:26,765 : DEBUG : 已处理1664个数据。训练误差为：58.491607
2016-07-04 20:22:26,873 : DEBUG : 已处理1696个数据。训练误差为：59.595533
2016-07-04 20:22:26,985 : DEBUG : 已处理1728个数据。训练误差为：60.699129
2016-07-04 20:22:27,094 : DEBUG : 已处理1760个数据。训练误差为：61.802512
2016-07-04 20:22:27,205 : DEBUG : 已处理1792个数据。训练误差为：62.906156
2016-07-04 20:22:27,310 : DEBUG : 已处理1824个数据。训练误差为：64.009311
2016-07-04 20:22:27,418 : DEBUG : 已处理1856个数据。训练误差为：65.112889
2016-07-04 20:22:27,526 : DEBUG : 已处理1888个数据。训练误差为：66.216434
2016-07-04 20:22:27,630 : DEBUG : 已处理1920个数据。训练误差为：67.319953
2016-07-04 20:22:27,741 : DEBUG : 已处理1952个数据。训练误差为：68.423326
2016-07-04 20:22:27,869 : DEBUG : 已处理1984个数据。训练误差为：69.527188
2016-07-04 20:22:27,987 : DEBUG : 已处理2016个数据。训练误差为：70.630711
2016-07-04 20:22:28,107 : DEBUG : 已处理2048个数据。训练误差为：71.734374
2016-07-04 20:22:29,681 : DEBUG : epoch 1，Train loss, 71.7343736753, validation accuracy: 40.625%
2016-07-04 20:22:29,786 : DEBUG : 已处理0个数据。训练误差为：1.103495
2016-07-04 20:22:29,884 : DEBUG : 已处理32个数据。训练误差为：2.206880
2016-07-04 20:22:29,986 : DEBUG : 已处理64个数据。训练误差为：3.310403
2016-07-04 20:22:30,089 : DEBUG : 已处理96个数据。训练误差为：4.414094
2016-07-04 20:22:30,204 : DEBUG : 已处理128个数据。训练误差为：5.518095
2016-07-04 20:22:30,328 : DEBUG : 已处理160个数据。训练误差为：6.621714
2016-07-04 20:22:30,446 : DEBUG : 已处理192个数据。训练误差为：7.725588
2016-07-04 20:22:30,575 : DEBUG : 已处理224个数据。训练误差为：8.828954
2016-07-04 20:22:30,693 : DEBUG : 已处理256个数据。训练误差为：9.932343
2016-07-04 20:22:30,816 : DEBUG : 已处理288个数据。训练误差为：11.035799
2016-07-04 20:22:30,941 : DEBUG : 已处理320个数据。训练误差为：12.139307
2016-07-04 20:22:31,073 : DEBUG : 已处理352个数据。训练误差为：13.243224
2016-07-04 20:22:31,192 : DEBUG : 已处理384个数据。训练误差为：14.346897
2016-07-04 20:22:31,311 : DEBUG : 已处理416个数据。训练误差为：15.450682
2016-07-04 20:22:31,428 : DEBUG : 已处理448个数据。训练误差为：16.554149
2016-07-04 20:22:31,552 : DEBUG : 已处理480个数据。训练误差为：17.657682
2016-07-04 20:22:31,672 : DEBUG : 已处理512个数据。训练误差为：18.761250
2016-07-04 20:22:31,798 : DEBUG : 已处理544个数据。训练误差为：19.864727
2016-07-04 20:22:31,911 : DEBUG : 已处理576个数据。训练误差为：20.968174
2016-07-04 20:22:32,033 : DEBUG : 已处理608个数据。训练误差为：22.071949
2016-07-04 20:22:32,155 : DEBUG : 已处理640个数据。训练误差为：23.175325
2016-07-04 20:22:32,277 : DEBUG : 已处理672个数据。训练误差为：24.278603
2016-07-04 20:22:32,391 : DEBUG : 已处理704个数据。训练误差为：25.382399
2016-07-04 20:22:32,510 : DEBUG : 已处理736个数据。训练误差为：26.486062
2016-07-04 20:22:32,637 : DEBUG : 已处理768个数据。训练误差为：27.589398
2016-07-04 20:22:32,750 : DEBUG : 已处理800个数据。训练误差为：28.692818
2016-07-04 20:22:32,871 : DEBUG : 已处理832个数据。训练误差为：29.796313
2016-07-04 20:22:32,991 : DEBUG : 已处理864个数据。训练误差为：30.899852
2016-07-04 20:22:33,111 : DEBUG : 已处理896个数据。训练误差为：32.003297
2016-07-04 20:22:33,238 : DEBUG : 已处理928个数据。训练误差为：33.106763
2016-07-04 20:22:33,373 : DEBUG : 已处理960个数据。训练误差为：34.210355
2016-07-04 20:22:33,506 : DEBUG : 已处理992个数据。训练误差为：35.313576
2016-07-04 20:22:33,632 : DEBUG : 已处理1024个数据。训练误差为：36.417283
2016-07-04 20:22:33,750 : DEBUG : 已处理1056个数据。训练误差为：37.520674
2016-07-04 20:22:33,878 : DEBUG : 已处理1088个数据。训练误差为：38.624186
2016-07-04 20:22:34,004 : DEBUG : 已处理1120个数据。训练误差为：39.727594
2016-07-04 20:22:34,124 : DEBUG : 已处理1152个数据。训练误差为：40.830981
2016-07-04 20:22:34,266 : DEBUG : 已处理1184个数据。训练误差为：41.934729
2016-07-04 20:22:34,392 : DEBUG : 已处理1216个数据。训练误差为：43.038536
2016-07-04 20:22:34,531 : DEBUG : 已处理1248个数据。训练误差为：44.142111
2016-07-04 20:22:34,654 : DEBUG : 已处理1280个数据。训练误差为：45.245694
2016-07-04 20:22:34,775 : DEBUG : 已处理1312个数据。训练误差为：46.349339
2016-07-04 20:22:34,899 : DEBUG : 已处理1344个数据。训练误差为：47.452891
2016-07-04 20:22:35,017 : DEBUG : 已处理1376个数据。训练误差为：48.556315
2016-07-04 20:22:35,145 : DEBUG : 已处理1408个数据。训练误差为：49.659861
2016-07-04 20:22:35,266 : DEBUG : 已处理1440个数据。训练误差为：50.763321
2016-07-04 20:22:35,386 : DEBUG : 已处理1472个数据。训练误差为：51.867074
2016-07-04 20:22:35,503 : DEBUG : 已处理1504个数据。训练误差为：52.970614
2016-07-04 20:22:35,615 : DEBUG : 已处理1536个数据。训练误差为：54.074328
2016-07-04 20:22:35,729 : DEBUG : 已处理1568个数据。训练误差为：55.178330
2016-07-04 20:22:35,849 : DEBUG : 已处理1600个数据。训练误差为：56.282064
2016-07-04 20:22:35,969 : DEBUG : 已处理1632个数据。训练误差为：57.385848
2016-07-04 20:22:36,084 : DEBUG : 已处理1664个数据。训练误差为：58.489541
2016-07-04 20:22:36,199 : DEBUG : 已处理1696个数据。训练误差为：59.593320
2016-07-04 20:22:36,326 : DEBUG : 已处理1728个数据。训练误差为：60.697073
2016-07-04 20:22:36,442 : DEBUG : 已处理1760个数据。训练误差为：61.800784
2016-07-04 20:22:36,558 : DEBUG : 已处理1792个数据。训练误差为：62.904374
2016-07-04 20:22:36,682 : DEBUG : 已处理1824个数据。训练误差为：64.007837
2016-07-04 20:22:36,801 : DEBUG : 已处理1856个数据。训练误差为：65.111191
2016-07-04 20:22:36,919 : DEBUG : 已处理1888个数据。训练误差为：66.214667
2016-07-04 20:22:37,037 : DEBUG : 已处理1920个数据。训练误差为：67.318021
2016-07-04 20:22:37,156 : DEBUG : 已处理1952个数据。训练误差为：68.421696
2016-07-04 20:22:37,283 : DEBUG : 已处理1984个数据。训练误差为：69.525169
2016-07-04 20:22:37,403 : DEBUG : 已处理2016个数据。训练误差为：70.628733
2016-07-04 20:22:37,524 : DEBUG : 已处理2048个数据。训练误差为：71.731998
2016-07-04 20:22:39,177 : DEBUG : epoch 2，Train loss, 71.7319980823, validation accuracy: 40.5133928571%
2016-07-04 20:22:39,284 : DEBUG : 已处理0个数据。训练误差为：1.103332
2016-07-04 20:22:39,397 : DEBUG : 已处理32个数据。训练误差为：2.206801
2016-07-04 20:22:39,515 : DEBUG : 已处理64个数据。训练误差为：3.310240
2016-07-04 20:22:39,628 : DEBUG : 已处理96个数据。训练误差为：4.413938
2016-07-04 20:22:39,741 : DEBUG : 已处理128个数据。训练误差为：5.517677
2016-07-04 20:22:39,861 : DEBUG : 已处理160个数据。训练误差为：6.621429
2016-07-04 20:22:39,964 : DEBUG : 已处理192个数据。训练误差为：7.724950
2016-07-04 20:22:40,076 : DEBUG : 已处理224个数据。训练误差为：8.828533
2016-07-04 20:22:40,198 : DEBUG : 已处理256个数据。训练误差为：9.932125
2016-07-04 20:22:40,307 : DEBUG : 已处理288个数据。训练误差为：11.035645
2016-07-04 20:22:40,416 : DEBUG : 已处理320个数据。训练误差为：12.139255
2016-07-04 20:22:40,524 : DEBUG : 已处理352个数据。训练误差为：13.242890
2016-07-04 20:22:40,630 : DEBUG : 已处理384个数据。训练误差为：14.346615
2016-07-04 20:22:40,741 : DEBUG : 已处理416个数据。训练误差为：15.450181
2016-07-04 20:22:40,847 : DEBUG : 已处理448个数据。训练误差为：16.553704
2016-07-04 20:22:40,955 : DEBUG : 已处理480个数据。训练误差为：17.657595
2016-07-04 20:22:41,063 : DEBUG : 已处理512个数据。训练误差为：18.761129
2016-07-04 20:22:41,173 : DEBUG : 已处理544个数据。训练误差为：19.864560
2016-07-04 20:22:41,288 : DEBUG : 已处理576个数据。训练误差为：20.968139
2016-07-04 20:22:41,392 : DEBUG : 已处理608个数据。训练误差为：22.071955
2016-07-04 20:22:41,501 : DEBUG : 已处理640个数据。训练误差为：23.175550
2016-07-04 20:22:41,609 : DEBUG : 已处理672个数据。训练误差为：24.279233
2016-07-04 20:22:41,716 : DEBUG : 已处理704个数据。训练误差为：25.382516
2016-07-04 20:22:41,828 : DEBUG : 已处理736个数据。训练误差为：26.485713
2016-07-04 20:22:41,937 : DEBUG : 已处理768个数据。训练误差为：27.589434
2016-07-04 20:22:42,048 : DEBUG : 已处理800个数据。训练误差为：28.693069
2016-07-04 20:22:42,161 : DEBUG : 已处理832个数据。训练误差为：29.796306
2016-07-04 20:22:42,271 : DEBUG : 已处理864个数据。训练误差为：30.900256
2016-07-04 20:22:42,387 : DEBUG : 已处理896个数据。训练误差为：32.003876
2016-07-04 20:22:42,498 : DEBUG : 已处理928个数据。训练误差为：33.107547
2016-07-04 20:22:42,607 : DEBUG : 已处理960个数据。训练误差为：34.210720
2016-07-04 20:22:42,723 : DEBUG : 已处理992个数据。训练误差为：35.314068
2016-07-04 20:22:42,836 : DEBUG : 已处理1024个数据。训练误差为：36.417842
2016-07-04 20:22:42,952 : DEBUG : 已处理1056个数据。训练误差为：37.521402
2016-07-04 20:22:43,068 : DEBUG : 已处理1088个数据。训练误差为：38.624851
2016-07-04 20:22:43,174 : DEBUG : 已处理1120个数据。训练误差为：39.728236
2016-07-04 20:22:43,290 : DEBUG : 已处理1152个数据。训练误差为：40.831509
2016-07-04 20:22:43,403 : DEBUG : 已处理1184个数据。训练误差为：41.935342
2016-07-04 20:22:43,518 : DEBUG : 已处理1216个数据。训练误差为：43.038939
2016-07-04 20:22:43,631 : DEBUG : 已处理1248个数据。训练误差为：44.142686
2016-07-04 20:22:43,741 : DEBUG : 已处理1280个数据。训练误差为：45.246477
2016-07-04 20:22:43,847 : DEBUG : 已处理1312个数据。训练误差为：46.349805
2016-07-04 20:22:43,950 : DEBUG : 已处理1344个数据。训练误差为：47.453417
2016-07-04 20:22:44,060 : DEBUG : 已处理1376个数据。训练误差为：48.556886
2016-07-04 20:22:44,162 : DEBUG : 已处理1408个数据。训练误差为：49.660245
2016-07-04 20:22:44,277 : DEBUG : 已处理1440个数据。训练误差为：50.764279
2016-07-04 20:22:44,390 : DEBUG : 已处理1472个数据。训练误差为：51.867928
2016-07-04 20:22:44,502 : DEBUG : 已处理1504个数据。训练误差为：52.971517
2016-07-04 20:22:44,613 : DEBUG : 已处理1536个数据。训练误差为：54.075319
2016-07-04 20:22:44,722 : DEBUG : 已处理1568个数据。训练误差为：55.178837
2016-07-04 20:22:44,841 : DEBUG : 已处理1600个数据。训练误差为：56.282484
2016-07-04 20:22:44,955 : DEBUG : 已处理1632个数据。训练误差为：57.385977
2016-07-04 20:22:45,068 : DEBUG : 已处理1664个数据。训练误差为：58.489427
2016-07-04 20:22:45,184 : DEBUG : 已处理1696个数据。训练误差为：59.592821
2016-07-04 20:22:45,299 : DEBUG : 已处理1728个数据。训练误差为：60.696352
2016-07-04 20:22:45,412 : DEBUG : 已处理1760个数据。训练误差为：61.799770
2016-07-04 20:22:45,525 : DEBUG : 已处理1792个数据。训练误差为：62.903270
2016-07-04 20:22:45,640 : DEBUG : 已处理1824个数据。训练误差为：64.006906
2016-07-04 20:22:45,754 : DEBUG : 已处理1856个数据。训练误差为：65.110668
2016-07-04 20:22:45,865 : DEBUG : 已处理1888个数据。训练误差为：66.214503
2016-07-04 20:22:45,983 : DEBUG : 已处理1920个数据。训练误差为：67.317937
2016-07-04 20:22:46,094 : DEBUG : 已处理1952个数据。训练误差为：68.421762
2016-07-04 20:22:46,209 : DEBUG : 已处理1984个数据。训练误差为：69.525265
2016-07-04 20:22:46,321 : DEBUG : 已处理2016个数据。训练误差为：70.628484
2016-07-04 20:22:46,437 : DEBUG : 已处理2048个数据。训练误差为：71.731855
2016-07-04 20:22:48,050 : DEBUG : epoch 3，Train loss, 71.7318549395, validation accuracy: 40.5133928571%
2016-07-04 20:22:48,166 : DEBUG : 已处理0个数据。训练误差为：1.103579
2016-07-04 20:22:48,287 : DEBUG : 已处理32个数据。训练误差为：2.207309
2016-07-04 20:22:48,398 : DEBUG : 已处理64个数据。训练误差为：3.310672
2016-07-04 20:22:48,523 : DEBUG : 已处理96个数据。训练误差为：4.414248
2016-07-04 20:22:48,633 : DEBUG : 已处理128个数据。训练误差为：5.518200
2016-07-04 20:22:48,734 : DEBUG : 已处理160个数据。训练误差为：6.621749
2016-07-04 20:22:48,837 : DEBUG : 已处理192个数据。训练误差为：7.725003
2016-07-04 20:22:48,938 : DEBUG : 已处理224个数据。训练误差为：8.828874
2016-07-04 20:22:49,044 : DEBUG : 已处理256个数据。训练误差为：9.932306
2016-07-04 20:22:49,149 : DEBUG : 已处理288个数据。训练误差为：11.035848
2016-07-04 20:22:49,260 : DEBUG : 已处理320个数据。训练误差为：12.139144
2016-07-04 20:22:49,366 : DEBUG : 已处理352个数据。训练误差为：13.242820
2016-07-04 20:22:49,473 : DEBUG : 已处理384个数据。训练误差为：14.346463
2016-07-04 20:22:49,579 : DEBUG : 已处理416个数据。训练误差为：15.450202
2016-07-04 20:22:49,685 : DEBUG : 已处理448个数据。训练误差为：16.553925
2016-07-04 20:22:49,788 : DEBUG : 已处理480个数据。训练误差为：17.657680
2016-07-04 20:22:49,895 : DEBUG : 已处理512个数据。训练误差为：18.761260
2016-07-04 20:22:49,997 : DEBUG : 已处理544个数据。训练误差为：19.864864
2016-07-04 20:22:50,104 : DEBUG : 已处理576个数据。训练误差为：20.968223
2016-07-04 20:22:50,207 : DEBUG : 已处理608个数据。训练误差为：22.071425
2016-07-04 20:22:50,317 : DEBUG : 已处理640个数据。训练误差为：23.175000
2016-07-04 20:22:50,422 : DEBUG : 已处理672个数据。训练误差为：24.278455
2016-07-04 20:22:50,528 : DEBUG : 已处理704个数据。训练误差为：25.381955
2016-07-04 20:22:50,632 : DEBUG : 已处理736个数据。训练误差为：26.485496
2016-07-04 20:22:50,740 : DEBUG : 已处理768个数据。训练误差为：27.588951
2016-07-04 20:22:50,889 : DEBUG : 已处理800个数据。训练误差为：28.692411
2016-07-04 20:22:50,997 : DEBUG : 已处理832个数据。训练误差为：29.795802
2016-07-04 20:22:51,110 : DEBUG : 已处理864个数据。训练误差为：30.899675
2016-07-04 20:22:51,228 : DEBUG : 已处理896个数据。训练误差为：32.003071
2016-07-04 20:22:51,336 : DEBUG : 已处理928个数据。训练误差为：33.106540
2016-07-04 20:22:51,444 : DEBUG : 已处理960个数据。训练误差为：34.210025
2016-07-04 20:22:51,557 : DEBUG : 已处理992个数据。训练误差为：35.313796
2016-07-04 20:22:51,665 : DEBUG : 已处理1024个数据。训练误差为：36.417075
2016-07-04 20:22:51,787 : DEBUG : 已处理1056个数据。训练误差为：37.520529
2016-07-04 20:22:51,891 : DEBUG : 已处理1088个数据。训练误差为：38.624105
2016-07-04 20:22:52,005 : DEBUG : 已处理1120个数据。训练误差为：39.727904
2016-07-04 20:22:52,107 : DEBUG : 已处理1152个数据。训练误差为：40.831649
2016-07-04 20:22:52,207 : DEBUG : 已处理1184个数据。训练误差为：41.935483
2016-07-04 20:22:52,307 : DEBUG : 已处理1216个数据。训练误差为：43.039027
2016-07-04 20:22:52,417 : DEBUG : 已处理1248个数据。训练误差为：44.142421
2016-07-04 20:22:52,522 : DEBUG : 已处理1280个数据。训练误差为：45.245971
2016-07-04 20:22:52,633 : DEBUG : 已处理1312个数据。训练误差为：46.349678
2016-07-04 20:22:52,748 : DEBUG : 已处理1344个数据。训练误差为：47.453157
2016-07-04 20:22:52,900 : DEBUG : 已处理1376个数据。训练误差为：48.556645
2016-07-04 20:22:53,017 : DEBUG : 已处理1408个数据。训练误差为：49.660650
2016-07-04 20:22:53,131 : DEBUG : 已处理1440个数据。训练误差为：50.764337
2016-07-04 20:22:53,251 : DEBUG : 已处理1472个数据。训练误差为：51.867946
2016-07-04 20:22:53,406 : DEBUG : 已处理1504个数据。训练误差为：52.971457
2016-07-04 20:22:53,513 : DEBUG : 已处理1536个数据。训练误差为：54.074806
2016-07-04 20:22:53,667 : DEBUG : 已处理1568个数据。训练误差为：55.178413
2016-07-04 20:22:53,779 : DEBUG : 已处理1600个数据。训练误差为：56.281858
2016-07-04 20:22:53,895 : DEBUG : 已处理1632个数据。训练误差为：57.385515
2016-07-04 20:22:54,042 : DEBUG : 已处理1664个数据。训练误差为：58.489029
2016-07-04 20:22:54,170 : DEBUG : 已处理1696个数据。训练误差为：59.592576
2016-07-04 20:22:54,272 : DEBUG : 已处理1728个数据。训练误差为：60.696203
2016-07-04 20:22:54,430 : DEBUG : 已处理1760个数据。训练误差为：61.799810
2016-07-04 20:22:54,533 : DEBUG : 已处理1792个数据。训练误差为：62.903221
2016-07-04 20:22:54,633 : DEBUG : 已处理1824个数据。训练误差为：64.006641
2016-07-04 20:22:54,747 : DEBUG : 已处理1856个数据。训练误差为：65.110343
2016-07-04 20:22:54,871 : DEBUG : 已处理1888个数据。训练误差为：66.213791
2016-07-04 20:22:54,976 : DEBUG : 已处理1920个数据。训练误差为：67.317091
2016-07-04 20:22:55,088 : DEBUG : 已处理1952个数据。训练误差为：68.421018
2016-07-04 20:22:55,197 : DEBUG : 已处理1984个数据。训练误差为：69.524453
2016-07-04 20:22:55,312 : DEBUG : 已处理2016个数据。训练误差为：70.627923
2016-07-04 20:22:55,419 : DEBUG : 已处理2048个数据。训练误差为：71.731427
2016-07-04 20:22:56,952 : DEBUG : epoch 4，Train loss, 71.7314272256, validation accuracy: 40.4017857143%
2016-07-04 20:22:57,073 : DEBUG : 已处理0个数据。训练误差为：1.103229
2016-07-04 20:22:57,230 : DEBUG : 已处理32个数据。训练误差为：2.206701
2016-07-04 20:22:57,338 : DEBUG : 已处理64个数据。训练误差为：3.310232
2016-07-04 20:22:57,457 : DEBUG : 已处理96个数据。训练误差为：4.413996
2016-07-04 20:22:57,577 : DEBUG : 已处理128个数据。训练误差为：5.517433
2016-07-04 20:22:57,686 : DEBUG : 已处理160个数据。训练误差为：6.621061
2016-07-04 20:22:57,786 : DEBUG : 已处理192个数据。训练误差为：7.724719
2016-07-04 20:22:57,889 : DEBUG : 已处理224个数据。训练误差为：8.828015
2016-07-04 20:22:57,997 : DEBUG : 已处理256个数据。训练误差为：9.931581
2016-07-04 20:22:58,114 : DEBUG : 已处理288个数据。训练误差为：11.035207
2016-07-04 20:22:58,233 : DEBUG : 已处理320个数据。训练误差为：12.138629
2016-07-04 20:22:58,341 : DEBUG : 已处理352个数据。训练误差为：13.242080
2016-07-04 20:22:58,460 : DEBUG : 已处理384个数据。训练误差为：14.345575
2016-07-04 20:22:58,607 : DEBUG : 已处理416个数据。训练误差为：15.449121
2016-07-04 20:22:58,754 : DEBUG : 已处理448个数据。训练误差为：16.552700
2016-07-04 20:22:58,869 : DEBUG : 已处理480个数据。训练误差为：17.656173
2016-07-04 20:22:58,998 : DEBUG : 已处理512个数据。训练误差为：18.759882
2016-07-04 20:22:59,155 : DEBUG : 已处理544个数据。训练误差为：19.863737
2016-07-04 20:22:59,268 : DEBUG : 已处理576个数据。训练误差为：20.967656
2016-07-04 20:22:59,369 : DEBUG : 已处理608个数据。训练误差为：22.071129
2016-07-04 20:22:59,472 : DEBUG : 已处理640个数据。训练误差为：23.174758
2016-07-04 20:22:59,572 : DEBUG : 已处理672个数据。训练误差为：24.278348
2016-07-04 20:22:59,683 : DEBUG : 已处理704个数据。训练误差为：25.381818
2016-07-04 20:22:59,784 : DEBUG : 已处理736个数据。训练误差为：26.485044
2016-07-04 20:22:59,880 : DEBUG : 已处理768个数据。训练误差为：27.588753
2016-07-04 20:22:59,983 : DEBUG : 已处理800个数据。训练误差为：28.692399
2016-07-04 20:23:00,082 : DEBUG : 已处理832个数据。训练误差为：29.795968
2016-07-04 20:23:00,187 : DEBUG : 已处理864个数据。训练误差为：30.899551
2016-07-04 20:23:00,288 : DEBUG : 已处理896个数据。训练误差为：32.003084
2016-07-04 20:23:00,386 : DEBUG : 已处理928个数据。训练误差为：33.106542
2016-07-04 20:23:00,488 : DEBUG : 已处理960个数据。训练误差为：34.210018
2016-07-04 20:23:00,584 : DEBUG : 已处理992个数据。训练误差为：35.313691
2016-07-04 20:23:00,686 : DEBUG : 已处理1024个数据。训练误差为：36.417326
2016-07-04 20:23:00,793 : DEBUG : 已处理1056个数据。训练误差为：37.521130
2016-07-04 20:23:00,905 : DEBUG : 已处理1088个数据。训练误差为：38.624793
2016-07-04 20:23:01,007 : DEBUG : 已处理1120个数据。训练误差为：39.728369
2016-07-04 20:23:01,115 : DEBUG : 已处理1152个数据。训练误差为：40.831937
2016-07-04 20:23:01,229 : DEBUG : 已处理1184个数据。训练误差为：41.935541
2016-07-04 20:23:01,342 : DEBUG : 已处理1216个数据。训练误差为：43.038746
2016-07-04 20:23:01,444 : DEBUG : 已处理1248个数据。训练误差为：44.142652
2016-07-04 20:23:01,548 : DEBUG : 已处理1280个数据。训练误差为：45.246308
2016-07-04 20:23:01,667 : DEBUG : 已处理1312个数据。训练误差为：46.349849
2016-07-04 20:23:01,775 : DEBUG : 已处理1344个数据。训练误差为：47.453187
2016-07-04 20:23:01,875 : DEBUG : 已处理1376个数据。训练误差为：48.556684
2016-07-04 20:23:01,983 : DEBUG : 已处理1408个数据。训练误差为：49.660017
2016-07-04 20:23:02,094 : DEBUG : 已处理1440个数据。训练误差为：50.764008
2016-07-04 20:23:02,210 : DEBUG : 已处理1472个数据。训练误差为：51.867759
2016-07-04 20:23:02,317 : DEBUG : 已处理1504个数据。训练误差为：52.971221
2016-07-04 20:23:02,422 : DEBUG : 已处理1536个数据。训练误差为：54.074992
2016-07-04 20:23:02,539 : DEBUG : 已处理1568个数据。训练误差为：55.178309
2016-07-04 20:23:02,659 : DEBUG : 已处理1600个数据。训练误差为：56.281854
2016-07-04 20:23:02,762 : DEBUG : 已处理1632个数据。训练误差为：57.385329
2016-07-04 20:23:02,867 : DEBUG : 已处理1664个数据。训练误差为：58.488773
2016-07-04 20:23:02,972 : DEBUG : 已处理1696个数据。训练误差为：59.592229
2016-07-04 20:23:03,078 : DEBUG : 已处理1728个数据。训练误差为：60.695747
2016-07-04 20:23:03,198 : DEBUG : 已处理1760个数据。训练误差为：61.799785
2016-07-04 20:23:03,308 : DEBUG : 已处理1792个数据。训练误差为：62.903124
2016-07-04 20:23:03,414 : DEBUG : 已处理1824个数据。训练误差为：64.006524
2016-07-04 20:23:03,523 : DEBUG : 已处理1856个数据。训练误差为：65.110396
2016-07-04 20:23:03,636 : DEBUG : 已处理1888个数据。训练误差为：66.213882
2016-07-04 20:23:03,749 : DEBUG : 已处理1920个数据。训练误差为：67.317459
2016-07-04 20:23:03,858 : DEBUG : 已处理1952个数据。训练误差为：68.420927
2016-07-04 20:23:03,972 : DEBUG : 已处理1984个数据。训练误差为：69.524808
2016-07-04 20:23:04,079 : DEBUG : 已处理2016个数据。训练误差为：70.628361
2016-07-04 20:23:04,188 : DEBUG : 已处理2048个数据。训练误差为：71.731889
2016-07-04 20:23:05,699 : DEBUG : epoch 5，Train loss, 71.7318890953, validation accuracy: 40.2901785714%
2016-07-04 20:23:05,814 : DEBUG : 已处理0个数据。训练误差为：1.103780
2016-07-04 20:23:05,942 : DEBUG : 已处理32个数据。训练误差为：2.207387
2016-07-04 20:23:06,139 : DEBUG : 已处理64个数据。训练误差为：3.310883
2016-07-04 20:23:06,292 : DEBUG : 已处理96个数据。训练误差为：4.414413
2016-07-04 20:23:06,395 : DEBUG : 已处理128个数据。训练误差为：5.518081
2016-07-04 20:23:06,567 : DEBUG : 已处理160个数据。训练误差为：6.621803
2016-07-04 20:23:06,723 : DEBUG : 已处理192个数据。训练误差为：7.725394
2016-07-04 20:23:06,843 : DEBUG : 已处理224个数据。训练误差为：8.828804
2016-07-04 20:23:06,944 : DEBUG : 已处理256个数据。训练误差为：9.932262
2016-07-04 20:23:07,039 : DEBUG : 已处理288个数据。训练误差为：11.035669
2016-07-04 20:23:07,135 : DEBUG : 已处理320个数据。训练误差为：12.139412
2016-07-04 20:23:07,241 : DEBUG : 已处理352个数据。训练误差为：13.242803
2016-07-04 20:23:07,348 : DEBUG : 已处理384个数据。训练误差为：14.346231
2016-07-04 20:23:07,454 : DEBUG : 已处理416个数据。训练误差为：15.449949
2016-07-04 20:23:07,649 : DEBUG : 已处理448个数据。训练误差为：16.553584
2016-07-04 20:23:07,766 : DEBUG : 已处理480个数据。训练误差为：17.657223
2016-07-04 20:23:07,881 : DEBUG : 已处理512个数据。训练误差为：18.760880
2016-07-04 20:23:07,983 : DEBUG : 已处理544个数据。训练误差为：19.864313
2016-07-04 20:23:08,147 : DEBUG : 已处理576个数据。训练误差为：20.967916
2016-07-04 20:23:08,275 : DEBUG : 已处理608个数据。训练误差为：22.071553
2016-07-04 20:23:08,413 : DEBUG : 已处理640个数据。训练误差为：23.175240
2016-07-04 20:23:08,523 : DEBUG : 已处理672个数据。训练误差为：24.278691
2016-07-04 20:23:08,637 : DEBUG : 已处理704个数据。训练误差为：25.382561
2016-07-04 20:23:08,786 : DEBUG : 已处理736个数据。训练误差为：26.486133
2016-07-04 20:23:08,903 : DEBUG : 已处理768个数据。训练误差为：27.589896
2016-07-04 20:23:09,011 : DEBUG : 已处理800个数据。训练误差为：28.693189
2016-07-04 20:23:09,134 : DEBUG : 已处理832个数据。训练误差为：29.796556
2016-07-04 20:23:09,286 : DEBUG : 已处理864个数据。训练误差为：30.900145
2016-07-04 20:23:09,392 : DEBUG : 已处理896个数据。训练误差为：32.003857
2016-07-04 20:23:09,500 : DEBUG : 已处理928个数据。训练误差为：33.107159
2016-07-04 20:23:09,603 : DEBUG : 已处理960个数据。训练误差为：34.210534
2016-07-04 20:23:09,708 : DEBUG : 已处理992个数据。训练误差为：35.313943
2016-07-04 20:23:09,811 : DEBUG : 已处理1024个数据。训练误差为：36.417346
2016-07-04 20:23:09,933 : DEBUG : 已处理1056个数据。训练误差为：37.520974
2016-07-04 20:23:10,039 : DEBUG : 已处理1088个数据。训练误差为：38.624211
2016-07-04 20:23:10,148 : DEBUG : 已处理1120个数据。训练误差为：39.727687
2016-07-04 20:23:10,253 : DEBUG : 已处理1152个数据。训练误差为：40.831204
2016-07-04 20:23:10,366 : DEBUG : 已处理1184个数据。训练误差为：41.934626
2016-07-04 20:23:10,469 : DEBUG : 已处理1216个数据。训练误差为：43.038287
2016-07-04 20:23:10,576 : DEBUG : 已处理1248个数据。训练误差为：44.142223
2016-07-04 20:23:10,684 : DEBUG : 已处理1280个数据。训练误差为：45.245674
2016-07-04 20:23:10,795 : DEBUG : 已处理1312个数据。训练误差为：46.349381
2016-07-04 20:23:10,908 : DEBUG : 已处理1344个数据。训练误差为：47.452903
2016-07-04 20:23:11,018 : DEBUG : 已处理1376个数据。训练误差为：48.556749
2016-07-04 20:23:11,127 : DEBUG : 已处理1408个数据。训练误差为：49.660278
2016-07-04 20:23:11,234 : DEBUG : 已处理1440个数据。训练误差为：50.763792
2016-07-04 20:23:11,344 : DEBUG : 已处理1472个数据。训练误差为：51.867465
2016-07-04 20:23:11,469 : DEBUG : 已处理1504个数据。训练误差为：52.970983
2016-07-04 20:23:11,575 : DEBUG : 已处理1536个数据。训练误差为：54.074628
2016-07-04 20:23:11,683 : DEBUG : 已处理1568个数据。训练误差为：55.177944
2016-07-04 20:23:11,791 : DEBUG : 已处理1600个数据。训练误差为：56.281289
2016-07-04 20:23:11,905 : DEBUG : 已处理1632个数据。训练误差为：57.385280
2016-07-04 20:23:12,015 : DEBUG : 已处理1664个数据。训练误差为：58.488878
2016-07-04 20:23:12,122 : DEBUG : 已处理1696个数据。训练误差为：59.592362
2016-07-04 20:23:12,237 : DEBUG : 已处理1728个数据。训练误差为：60.696018
2016-07-04 20:23:12,342 : DEBUG : 已处理1760个数据。训练误差为：61.799895
2016-07-04 20:23:12,445 : DEBUG : 已处理1792个数据。训练误差为：62.904148
2016-07-04 20:23:12,551 : DEBUG : 已处理1824个数据。训练误差为：64.007496
2016-07-04 20:23:12,661 : DEBUG : 已处理1856个数据。训练误差为：65.111005
2016-07-04 20:23:12,767 : DEBUG : 已处理1888个数据。训练误差为：66.214424
2016-07-04 20:23:12,870 : DEBUG : 已处理1920个数据。训练误差为：67.318078
2016-07-04 20:23:12,983 : DEBUG : 已处理1952个数据。训练误差为：68.421929
2016-07-04 20:23:13,092 : DEBUG : 已处理1984个数据。训练误差为：69.525068
2016-07-04 20:23:13,204 : DEBUG : 已处理2016个数据。训练误差为：70.629026
2016-07-04 20:23:13,318 : DEBUG : 已处理2048个数据。训练误差为：71.732631
2016-07-04 20:23:14,849 : DEBUG : epoch 6，Train loss, 71.7326310616, validation accuracy: 40.4017857143%
2016-07-04 20:23:14,958 : DEBUG : 已处理0个数据。训练误差为：1.103456
2016-07-04 20:23:15,062 : DEBUG : 已处理32个数据。训练误差为：2.206940
2016-07-04 20:23:15,173 : DEBUG : 已处理64个数据。训练误差为：3.310438
2016-07-04 20:23:15,276 : DEBUG : 已处理96个数据。训练误差为：4.413938
2016-07-04 20:23:15,388 : DEBUG : 已处理128个数据。训练误差为：5.517250
2016-07-04 20:23:15,498 : DEBUG : 已处理160个数据。训练误差为：6.620426
2016-07-04 20:23:15,608 : DEBUG : 已处理192个数据。训练误差为：7.723805
2016-07-04 20:23:15,720 : DEBUG : 已处理224个数据。训练误差为：8.827259
2016-07-04 20:23:15,830 : DEBUG : 已处理256个数据。训练误差为：9.930645
2016-07-04 20:23:15,937 : DEBUG : 已处理288个数据。训练误差为：11.033928
2016-07-04 20:23:16,046 : DEBUG : 已处理320个数据。训练误差为：12.137467
2016-07-04 20:23:16,151 : DEBUG : 已处理352个数据。训练误差为：13.241177
2016-07-04 20:23:16,256 : DEBUG : 已处理384个数据。训练误差为：14.344933
2016-07-04 20:23:16,371 : DEBUG : 已处理416个数据。训练误差为：15.448868
2016-07-04 20:23:16,473 : DEBUG : 已处理448个数据。训练误差为：16.552348
2016-07-04 20:23:16,578 : DEBUG : 已处理480个数据。训练误差为：17.655854
2016-07-04 20:23:16,687 : DEBUG : 已处理512个数据。训练误差为：18.759828
2016-07-04 20:23:16,802 : DEBUG : 已处理544个数据。训练误差为：19.863185
2016-07-04 20:23:16,912 : DEBUG : 已处理576个数据。训练误差为：20.966838
2016-07-04 20:23:17,023 : DEBUG : 已处理608个数据。训练误差为：22.070582
2016-07-04 20:23:17,125 : DEBUG : 已处理640个数据。训练误差为：23.173964
2016-07-04 20:23:17,226 : DEBUG : 已处理672个数据。训练误差为：24.277537
2016-07-04 20:23:17,326 : DEBUG : 已处理704个数据。训练误差为：25.381052
2016-07-04 20:23:17,423 : DEBUG : 已处理736个数据。训练误差为：26.484892
2016-07-04 20:23:17,521 : DEBUG : 已处理768个数据。训练误差为：27.588318
2016-07-04 20:23:17,622 : DEBUG : 已处理800个数据。训练误差为：28.691666
2016-07-04 20:23:17,723 : DEBUG : 已处理832个数据。训练误差为：29.795173
2016-07-04 20:23:17,837 : DEBUG : 已处理864个数据。训练误差为：30.898777
2016-07-04 20:23:17,944 : DEBUG : 已处理896个数据。训练误差为：32.002174
2016-07-04 20:23:18,061 : DEBUG : 已处理928个数据。训练误差为：33.105553
2016-07-04 20:23:18,170 : DEBUG : 已处理960个数据。训练误差为：34.209030
2016-07-04 20:23:18,272 : DEBUG : 已处理992个数据。训练误差为：35.312720
2016-07-04 20:23:18,374 : DEBUG : 已处理1024个数据。训练误差为：36.416199
2016-07-04 20:23:18,489 : DEBUG : 已处理1056个数据。训练误差为：37.519777
2016-07-04 20:23:18,605 : DEBUG : 已处理1088个数据。训练误差为：38.622807
2016-07-04 20:23:18,735 : DEBUG : 已处理1120个数据。训练误差为：39.725927
2016-07-04 20:23:18,845 : DEBUG : 已处理1152个数据。训练误差为：40.829778
2016-07-04 20:23:18,970 : DEBUG : 已处理1184个数据。训练误差为：41.933078
2016-07-04 20:23:19,076 : DEBUG : 已处理1216个数据。训练误差为：43.037063
2016-07-04 20:23:19,219 : DEBUG : 已处理1248个数据。训练误差为：44.140636
2016-07-04 20:23:19,322 : DEBUG : 已处理1280个数据。训练误差为：45.244463
2016-07-04 20:23:19,435 : DEBUG : 已处理1312个数据。训练误差为：46.348126
2016-07-04 20:23:19,548 : DEBUG : 已处理1344个数据。训练误差为：47.451674
2016-07-04 20:23:19,666 : DEBUG : 已处理1376个数据。训练误差为：48.554991
2016-07-04 20:23:19,774 : DEBUG : 已处理1408个数据。训练误差为：49.658327
2016-07-04 20:23:19,888 : DEBUG : 已处理1440个数据。训练误差为：50.761821
2016-07-04 20:23:19,999 : DEBUG : 已处理1472个数据。训练误差为：51.865338
2016-07-04 20:23:20,116 : DEBUG : 已处理1504个数据。训练误差为：52.968694
2016-07-04 20:23:20,266 : DEBUG : 已处理1536个数据。训练误差为：54.072718
2016-07-04 20:23:20,390 : DEBUG : 已处理1568个数据。训练误差为：55.176082
2016-07-04 20:23:20,500 : DEBUG : 已处理1600个数据。训练误差为：56.279561
2016-07-04 20:23:20,667 : DEBUG : 已处理1632个数据。训练误差为：57.382941
2016-07-04 20:23:20,773 : DEBUG : 已处理1664个数据。训练误差为：58.486465
2016-07-04 20:23:20,900 : DEBUG : 已处理1696个数据。训练误差为：59.590170
2016-07-04 20:23:21,054 : DEBUG : 已处理1728个数据。训练误差为：60.693552
2016-07-04 20:23:21,176 : DEBUG : 已处理1760个数据。训练误差为：61.796994
2016-07-04 20:23:21,276 : DEBUG : 已处理1792个数据。训练误差为：62.900681
2016-07-04 20:23:21,405 : DEBUG : 已处理1824个数据。训练误差为：64.004156
2016-07-04 20:23:21,567 : DEBUG : 已处理1856个数据。训练误差为：65.107625
2016-07-04 20:23:21,682 : DEBUG : 已处理1888个数据。训练误差为：66.211114
2016-07-04 20:23:21,783 : DEBUG : 已处理1920个数据。训练误差为：67.314773
2016-07-04 20:23:21,888 : DEBUG : 已处理1952个数据。训练误差为：68.418515
2016-07-04 20:23:21,992 : DEBUG : 已处理1984个数据。训练误差为：69.521835
2016-07-04 20:23:22,136 : DEBUG : 已处理2016个数据。训练误差为：70.625462
2016-07-04 20:23:22,250 : DEBUG : 已处理2048个数据。训练误差为：71.729089
2016-07-04 20:23:23,869 : DEBUG : epoch 7，Train loss, 71.7290894479, validation accuracy: 40.4017857143%
2016-07-04 20:23:24,014 : DEBUG : 已处理0个数据。训练误差为：1.103196
2016-07-04 20:23:24,146 : DEBUG : 已处理32个数据。训练误差为：2.206973
2016-07-04 20:23:24,255 : DEBUG : 已处理64个数据。训练误差为：3.310642
2016-07-04 20:23:24,375 : DEBUG : 已处理96个数据。训练误差为：4.414202
2016-07-04 20:23:24,482 : DEBUG : 已处理128个数据。训练误差为：5.518289
2016-07-04 20:23:24,644 : DEBUG : 已处理160个数据。训练误差为：6.621722
2016-07-04 20:23:24,749 : DEBUG : 已处理192个数据。训练误差为：7.725186
2016-07-04 20:23:24,868 : DEBUG : 已处理224个数据。训练误差为：8.828897
2016-07-04 20:23:24,976 : DEBUG : 已处理256个数据。训练误差为：9.932482
2016-07-04 20:23:25,096 : DEBUG : 已处理288个数据。训练误差为：11.036394
2016-07-04 20:23:25,204 : DEBUG : 已处理320个数据。训练误差为：12.139679
2016-07-04 20:23:25,317 : DEBUG : 已处理352个数据。训练误差为：13.243160
2016-07-04 20:23:25,424 : DEBUG : 已处理384个数据。训练误差为：14.346342
2016-07-04 20:23:25,539 : DEBUG : 已处理416个数据。训练误差为：15.449912
2016-07-04 20:23:25,650 : DEBUG : 已处理448个数据。训练误差为：16.553506
2016-07-04 20:23:25,843 : DEBUG : 已处理480个数据。训练误差为：17.656867
2016-07-04 20:23:25,952 : DEBUG : 已处理512个数据。训练误差为：18.760485
2016-07-04 20:23:26,070 : DEBUG : 已处理544个数据。训练误差为：19.864013
2016-07-04 20:23:26,207 : DEBUG : 已处理576个数据。训练误差为：20.967858
2016-07-04 20:23:26,312 : DEBUG : 已处理608个数据。训练误差为：22.071545
2016-07-04 20:23:26,414 : DEBUG : 已处理640个数据。训练误差为：23.175276
2016-07-04 20:23:26,517 : DEBUG : 已处理672个数据。训练误差为：24.278659
2016-07-04 20:23:26,623 : DEBUG : 已处理704个数据。训练误差为：25.382388
2016-07-04 20:23:26,730 : DEBUG : 已处理736个数据。训练误差为：26.485913
2016-07-04 20:23:26,833 : DEBUG : 已处理768个数据。训练误差为：27.589488
2016-07-04 20:23:26,932 : DEBUG : 已处理800个数据。训练误差为：28.692879
2016-07-04 20:23:27,033 : DEBUG : 已处理832个数据。训练误差为：29.795974
2016-07-04 20:23:27,137 : DEBUG : 已处理864个数据。训练误差为：30.899511
2016-07-04 20:23:27,240 : DEBUG : 已处理896个数据。训练误差为：32.002969
2016-07-04 20:23:27,342 : DEBUG : 已处理928个数据。训练误差为：33.106778
2016-07-04 20:23:27,449 : DEBUG : 已处理960个数据。训练误差为：34.210205
2016-07-04 20:23:27,553 : DEBUG : 已处理992个数据。训练误差为：35.313522
2016-07-04 20:23:27,660 : DEBUG : 已处理1024个数据。训练误差为：36.416906
2016-07-04 20:23:27,764 : DEBUG : 已处理1056个数据。训练误差为：37.520302
2016-07-04 20:23:27,870 : DEBUG : 已处理1088个数据。训练误差为：38.623820
2016-07-04 20:23:27,974 : DEBUG : 已处理1120个数据。训练误差为：39.727098
2016-07-04 20:23:28,078 : DEBUG : 已处理1152个数据。训练误差为：40.830507
2016-07-04 20:23:28,184 : DEBUG : 已处理1184个数据。训练误差为：41.933954
2016-07-04 20:23:28,290 : DEBUG : 已处理1216个数据。训练误差为：43.037091
2016-07-04 20:23:28,393 : DEBUG : 已处理1248个数据。训练误差为：44.140595
2016-07-04 20:23:28,496 : DEBUG : 已处理1280个数据。训练误差为：45.244000
2016-07-04 20:23:28,600 : DEBUG : 已处理1312个数据。训练误差为：46.347489
2016-07-04 20:23:28,704 : DEBUG : 已处理1344个数据。训练误差为：47.450889
2016-07-04 20:23:28,805 : DEBUG : 已处理1376个数据。训练误差为：48.554337
2016-07-04 20:23:28,907 : DEBUG : 已处理1408个数据。训练误差为：49.657909
2016-07-04 20:23:29,008 : DEBUG : 已处理1440个数据。训练误差为：50.761385
2016-07-04 20:23:29,103 : DEBUG : 已处理1472个数据。训练误差为：51.865002
2016-07-04 20:23:29,198 : DEBUG : 已处理1504个数据。训练误差为：52.968340
2016-07-04 20:23:29,299 : DEBUG : 已处理1536个数据。训练误差为：54.071818
2016-07-04 20:23:29,399 : DEBUG : 已处理1568个数据。训练误差为：55.175262
2016-07-04 20:23:29,498 : DEBUG : 已处理1600个数据。训练误差为：56.278600
2016-07-04 20:23:29,597 : DEBUG : 已处理1632个数据。训练误差为：57.382156
2016-07-04 20:23:29,697 : DEBUG : 已处理1664个数据。训练误差为：58.485594
2016-07-04 20:23:29,797 : DEBUG : 已处理1696个数据。训练误差为：59.589052
2016-07-04 20:23:29,903 : DEBUG : 已处理1728个数据。训练误差为：60.692380
2016-07-04 20:23:30,004 : DEBUG : 已处理1760个数据。训练误差为：61.795597
2016-07-04 20:23:30,125 : DEBUG : 已处理1792个数据。训练误差为：62.899605
2016-07-04 20:23:30,238 : DEBUG : 已处理1824个数据。训练误差为：64.003021
2016-07-04 20:23:30,347 : DEBUG : 已处理1856个数据。训练误差为：65.106550
2016-07-04 20:23:30,450 : DEBUG : 已处理1888个数据。训练误差为：66.210166
2016-07-04 20:23:30,549 : DEBUG : 已处理1920个数据。训练误差为：67.313949
2016-07-04 20:23:30,657 : DEBUG : 已处理1952个数据。训练误差为：68.417219
2016-07-04 20:23:30,769 : DEBUG : 已处理1984个数据。训练误差为：69.520882
2016-07-04 20:23:30,869 : DEBUG : 已处理2016个数据。训练误差为：70.624523
2016-07-04 20:23:30,967 : DEBUG : 已处理2048个数据。训练误差为：71.728198
2016-07-04 20:23:32,709 : DEBUG : epoch 8，Train loss, 71.7281984727, validation accuracy: 40.7366071429%
2016-07-04 20:23:32,867 : DEBUG : 已处理0个数据。训练误差为：1.103564
2016-07-04 20:23:32,988 : DEBUG : 已处理32个数据。训练误差为：2.206921
2016-07-04 20:23:33,094 : DEBUG : 已处理64个数据。训练误差为：3.310449
2016-07-04 20:23:33,261 : DEBUG : 已处理96个数据。训练误差为：4.413796
2016-07-04 20:23:33,382 : DEBUG : 已处理128个数据。训练误差为：5.517308
2016-07-04 20:23:33,494 : DEBUG : 已处理160个数据。训练误差为：6.620838
2016-07-04 20:23:33,609 : DEBUG : 已处理192个数据。训练误差为：7.724493
2016-07-04 20:23:33,732 : DEBUG : 已处理224个数据。训练误差为：8.828100
2016-07-04 20:23:33,852 : DEBUG : 已处理256个数据。训练误差为：9.931619
2016-07-04 20:23:33,982 : DEBUG : 已处理288个数据。训练误差为：11.035056
2016-07-04 20:23:34,124 : DEBUG : 已处理320个数据。训练误差为：12.138875
2016-07-04 20:23:34,319 : DEBUG : 已处理352个数据。训练误差为：13.242359
2016-07-04 20:23:34,454 : DEBUG : 已处理384个数据。训练误差为：14.345665
2016-07-04 20:23:34,604 : DEBUG : 已处理416个数据。训练误差为：15.449461
2016-07-04 20:23:34,726 : DEBUG : 已处理448个数据。训练误差为：16.552804
2016-07-04 20:23:34,851 : DEBUG : 已处理480个数据。训练误差为：17.656363
2016-07-04 20:23:34,956 : DEBUG : 已处理512个数据。训练误差为：18.759983
2016-07-04 20:23:35,056 : DEBUG : 已处理544个数据。训练误差为：19.863468
2016-07-04 20:23:35,157 : DEBUG : 已处理576个数据。训练误差为：20.967039
2016-07-04 20:23:35,271 : DEBUG : 已处理608个数据。训练误差为：22.070319
2016-07-04 20:23:35,386 : DEBUG : 已处理640个数据。训练误差为：23.173906
2016-07-04 20:23:35,489 : DEBUG : 已处理672个数据。训练误差为：24.277423
2016-07-04 20:23:35,594 : DEBUG : 已处理704个数据。训练误差为：25.380904
2016-07-04 20:23:35,701 : DEBUG : 已处理736个数据。训练误差为：26.484489
2016-07-04 20:23:35,806 : DEBUG : 已处理768个数据。训练误差为：27.587929
2016-07-04 20:23:35,911 : DEBUG : 已处理800个数据。训练误差为：28.691275
2016-07-04 20:23:36,016 : DEBUG : 已处理832个数据。训练误差为：29.794767
2016-07-04 20:23:36,123 : DEBUG : 已处理864个数据。训练误差为：30.898274
2016-07-04 20:23:36,234 : DEBUG : 已处理896个数据。训练误差为：32.002168
2016-07-04 20:23:36,374 : DEBUG : 已处理928个数据。训练误差为：33.105674
2016-07-04 20:23:36,482 : DEBUG : 已处理960个数据。训练误差为：34.208810
2016-07-04 20:23:36,585 : DEBUG : 已处理992个数据。训练误差为：35.312250
2016-07-04 20:23:36,688 : DEBUG : 已处理1024个数据。训练误差为：36.415539
2016-07-04 20:23:36,790 : DEBUG : 已处理1056个数据。训练误差为：37.518984
2016-07-04 20:23:36,894 : DEBUG : 已处理1088个数据。训练误差为：38.622811
2016-07-04 20:23:36,994 : DEBUG : 已处理1120个数据。训练误差为：39.726348
2016-07-04 20:23:37,098 : DEBUG : 已处理1152个数据。训练误差为：40.829904
2016-07-04 20:23:37,208 : DEBUG : 已处理1184个数据。训练误差为：41.933317
2016-07-04 20:23:37,315 : DEBUG : 已处理1216个数据。训练误差为：43.036774
2016-07-04 20:23:37,414 : DEBUG : 已处理1248个数据。训练误差为：44.140128
2016-07-04 20:23:37,515 : DEBUG : 已处理1280个数据。训练误差为：45.243385
2016-07-04 20:23:37,621 : DEBUG : 已处理1312个数据。训练误差为：46.346901
2016-07-04 20:23:37,723 : DEBUG : 已处理1344个数据。训练误差为：47.450368
2016-07-04 20:23:37,825 : DEBUG : 已处理1376个数据。训练误差为：48.553977
2016-07-04 20:23:37,927 : DEBUG : 已处理1408个数据。训练误差为：49.657381
2016-07-04 20:23:38,029 : DEBUG : 已处理1440个数据。训练误差为：50.760832
2016-07-04 20:23:38,132 : DEBUG : 已处理1472个数据。训练误差为：51.864076
2016-07-04 20:23:38,234 : DEBUG : 已处理1504个数据。训练误差为：52.967842
2016-07-04 20:23:38,336 : DEBUG : 已处理1536个数据。训练误差为：54.071167
2016-07-04 20:23:38,436 : DEBUG : 已处理1568个数据。训练误差为：55.174544
2016-07-04 20:23:38,540 : DEBUG : 已处理1600个数据。训练误差为：56.277894
2016-07-04 20:23:38,653 : DEBUG : 已处理1632个数据。训练误差为：57.381366
2016-07-04 20:23:38,800 : DEBUG : 已处理1664个数据。训练误差为：58.485104
2016-07-04 20:23:38,940 : DEBUG : 已处理1696个数据。训练误差为：59.588860
2016-07-04 20:23:39,057 : DEBUG : 已处理1728个数据。训练误差为：60.692319
2016-07-04 20:23:39,195 : DEBUG : 已处理1760个数据。训练误差为：61.796289
2016-07-04 20:23:39,317 : DEBUG : 已处理1792个数据。训练误差为：62.899426
2016-07-04 20:23:39,522 : DEBUG : 已处理1824个数据。训练误差为：64.002914
2016-07-04 20:23:39,644 : DEBUG : 已处理1856个数据。训练误差为：65.106510
2016-07-04 20:23:39,780 : DEBUG : 已处理1888个数据。训练误差为：66.209752
2016-07-04 20:23:39,896 : DEBUG : 已处理1920个数据。训练误差为：67.313759
2016-07-04 20:23:40,049 : DEBUG : 已处理1952个数据。训练误差为：68.417737
2016-07-04 20:23:40,233 : DEBUG : 已处理1984个数据。训练误差为：69.521075
2016-07-04 20:23:40,361 : DEBUG : 已处理2016个数据。训练误差为：70.624867
2016-07-04 20:23:40,483 : DEBUG : 已处理2048个数据。训练误差为：71.728439
2016-07-04 20:23:42,019 : DEBUG : epoch 9，Train loss, 71.7284389896, validation accuracy: 40.7366071429%
2016-07-04 20:23:42,114 : DEBUG : 已处理0个数据。训练误差为：1.103784
2016-07-04 20:23:42,213 : DEBUG : 已处理32个数据。训练误差为：2.207133
2016-07-04 20:23:42,343 : DEBUG : 已处理64个数据。训练误差为：3.310684
2016-07-04 20:23:42,485 : DEBUG : 已处理96个数据。训练误差为：4.414421
2016-07-04 20:23:42,601 : DEBUG : 已处理128个数据。训练误差为：5.517928
2016-07-04 20:23:42,712 : DEBUG : 已处理160个数据。训练误差为：6.621492
2016-07-04 20:23:42,835 : DEBUG : 已处理192个数据。训练误差为：7.724652
2016-07-04 20:23:42,948 : DEBUG : 已处理224个数据。训练误差为：8.828233
2016-07-04 20:23:43,063 : DEBUG : 已处理256个数据。训练误差为：9.931900
2016-07-04 20:23:43,175 : DEBUG : 已处理288个数据。训练误差为：11.035394
2016-07-04 20:23:43,294 : DEBUG : 已处理320个数据。训练误差为：12.138781
2016-07-04 20:23:43,397 : DEBUG : 已处理352个数据。训练误差为：13.242151
2016-07-04 20:23:43,523 : DEBUG : 已处理384个数据。训练误差为：14.345599
2016-07-04 20:23:43,664 : DEBUG : 已处理416个数据。训练误差为：15.448939
2016-07-04 20:23:43,807 : DEBUG : 已处理448个数据。训练误差为：16.552474
2016-07-04 20:23:43,925 : DEBUG : 已处理480个数据。训练误差为：17.656395
2016-07-04 20:23:44,098 : DEBUG : 已处理512个数据。训练误差为：18.759833
2016-07-04 20:23:44,237 : DEBUG : 已处理544个数据。训练误差为：19.863312
2016-07-04 20:23:44,385 : DEBUG : 已处理576个数据。训练误差为：20.966621
2016-07-04 20:23:44,510 : DEBUG : 已处理608个数据。训练误差为：22.069968
2016-07-04 20:23:44,683 : DEBUG : 已处理640个数据。训练误差为：23.173508
2016-07-04 20:23:44,802 : DEBUG : 已处理672个数据。训练误差为：24.277307
2016-07-04 20:23:44,946 : DEBUG : 已处理704个数据。训练误差为：25.381081
2016-07-04 20:23:45,061 : DEBUG : 已处理736个数据。训练误差为：26.484696
2016-07-04 20:23:45,209 : DEBUG : 已处理768个数据。训练误差为：27.588086
2016-07-04 20:23:45,364 : DEBUG : 已处理800个数据。训练误差为：28.691488
2016-07-04 20:23:45,504 : DEBUG : 已处理832个数据。训练误差为：29.795261
2016-07-04 20:23:45,622 : DEBUG : 已处理864个数据。训练误差为：30.898450
2016-07-04 20:23:45,756 : DEBUG : 已处理896个数据。训练误差为：32.001973
2016-07-04 20:23:45,896 : DEBUG : 已处理928个数据。训练误差为：33.105436
2016-07-04 20:23:46,012 : DEBUG : 已处理960个数据。训练误差为：34.209020
2016-07-04 20:23:46,122 : DEBUG : 已处理992个数据。训练误差为：35.312737
2016-07-04 20:23:46,280 : DEBUG : 已处理1024个数据。训练误差为：36.416000
2016-07-04 20:23:46,398 : DEBUG : 已处理1056个数据。训练误差为：37.519363
2016-07-04 20:23:46,515 : DEBUG : 已处理1088个数据。训练误差为：38.623393
2016-07-04 20:23:46,619 : DEBUG : 已处理1120个数据。训练误差为：39.726926
2016-07-04 20:23:46,747 : DEBUG : 已处理1152个数据。训练误差为：40.830436
2016-07-04 20:23:46,904 : DEBUG : 已处理1184个数据。训练误差为：41.933870
2016-07-04 20:23:47,045 : DEBUG : 已处理1216个数据。训练误差为：43.037609
2016-07-04 20:23:47,155 : DEBUG : 已处理1248个数据。训练误差为：44.140982
2016-07-04 20:23:47,269 : DEBUG : 已处理1280个数据。训练误差为：45.245220
2016-07-04 20:23:47,390 : DEBUG : 已处理1312个数据。训练误差为：46.348595
2016-07-04 20:23:47,516 : DEBUG : 已处理1344个数据。训练误差为：47.452200
2016-07-04 20:23:47,622 : DEBUG : 已处理1376个数据。训练误差为：48.555640
2016-07-04 20:23:47,743 : DEBUG : 已处理1408个数据。训练误差为：49.658903
2016-07-04 20:23:47,852 : DEBUG : 已处理1440个数据。训练误差为：50.762160
2016-07-04 20:23:47,967 : DEBUG : 已处理1472个数据。训练误差为：51.865731
2016-07-04 20:23:48,077 : DEBUG : 已处理1504个数据。训练误差为：52.969248
2016-07-04 20:23:48,186 : DEBUG : 已处理1536个数据。训练误差为：54.072486
2016-07-04 20:23:48,295 : DEBUG : 已处理1568个数据。训练误差为：55.176013
2016-07-04 20:23:48,403 : DEBUG : 已处理1600个数据。训练误差为：56.279483
2016-07-04 20:23:48,515 : DEBUG : 已处理1632个数据。训练误差为：57.382863
2016-07-04 20:23:48,629 : DEBUG : 已处理1664个数据。训练误差为：58.486197
2016-07-04 20:23:48,733 : DEBUG : 已处理1696个数据。训练误差为：59.589869
2016-07-04 20:23:48,847 : DEBUG : 已处理1728个数据。训练误差为：60.693059
2016-07-04 20:23:48,952 : DEBUG : 已处理1760个数据。训练误差为：61.797052
2016-07-04 20:23:49,068 : DEBUG : 已处理1792个数据。训练误差为：62.900411
2016-07-04 20:23:49,176 : DEBUG : 已处理1824个数据。训练误差为：64.003863
2016-07-04 20:23:49,287 : DEBUG : 已处理1856个数据。训练误差为：65.107197
2016-07-04 20:23:49,397 : DEBUG : 已处理1888个数据。训练误差为：66.210682
2016-07-04 20:23:49,514 : DEBUG : 已处理1920个数据。训练误差为：67.314489
2016-07-04 20:23:49,630 : DEBUG : 已处理1952个数据。训练误差为：68.418563
2016-07-04 20:23:49,790 : DEBUG : 已处理1984个数据。训练误差为：69.521993
2016-07-04 20:23:49,909 : DEBUG : 已处理2016个数据。训练误差为：70.625513
2016-07-04 20:23:50,030 : DEBUG : 已处理2048个数据。训练误差为：71.729322
2016-07-04 20:23:51,786 : DEBUG : epoch 10，Train loss, 71.7293223049, validation accuracy: 40.8482142857%
2016-07-04 20:23:54,998 : DEBUG : --------------------
2016-07-04 20:23:54,998 : DEBUG : 1. 检查数据合法性和转换格式等;
2016-07-04 20:23:54,998 : DEBUG : --------------------
2016-07-04 20:23:54,998 : DEBUG : --------------------
2016-07-04 20:23:54,998 : DEBUG : 2. 对数据进行补全，直到是 self.batch_size的倍数;
2016-07-04 20:23:54,998 : DEBUG : --------------------
2016-07-04 20:23:54,998 : DEBUG : --------------------
2016-07-04 20:23:54,998 : DEBUG : 3.预测
2016-07-04 20:23:55,037 : DEBUG : --------------------
2016-07-04 20:24:05,464 : DEBUG : --------------------
2016-07-04 20:24:05,464 : DEBUG : 1. 转换格式
2016-07-04 20:24:05,473 : DEBUG : --------------------
2016-07-04 20:24:05,473 : DEBUG : --------------------
2016-07-04 20:24:05,473 : DEBUG : 2. 批量预测
2016-07-04 20:24:05,473 : DEBUG : --------------------
2016-07-04 20:24:05,473 : DEBUG : 1. 检查数据合法性和转换格式等;
2016-07-04 20:24:05,473 : DEBUG : --------------------
2016-07-04 20:24:05,473 : DEBUG : --------------------
2016-07-04 20:24:05,473 : DEBUG : 2. 对数据进行补全，直到是 self.batch_size的倍数;
2016-07-04 20:24:05,473 : DEBUG : --------------------
2016-07-04 20:24:05,474 : DEBUG : --------------------
2016-07-04 20:24:05,474 : DEBUG : 3.预测
2016-07-04 20:24:06,952 : DEBUG : --------------------
2016-07-04 20:24:06,952 : DEBUG : --------------------
2016-07-04 20:24:06,952 : DEBUG : --------------------
2016-07-04 20:24:06,952 : DEBUG : 3 & 4. 计算准确率和F1值
2016-07-04 20:24:06,955 : DEBUG : 正确的个数:366
2016-07-04 20:24:06,962 : DEBUG : 准确率为:0.408482
2016-07-04 20:24:06,966 : DEBUG : F1为：[ 0.08629442  0.5744856   0.        ]
2016-07-04 20:24:06,966 : DEBUG : --------------------
2016-07-04 20:24:06,968 : DEBUG : F1(macro)为：0.330390
2016-07-04 20:24:07,031 : DEBUG : ====================
2016-07-04 20:24:07,031 : DEBUG : end! Running time:193s!
