2016-07-09 08:59:22,553 : DEBUG : ==============================
2016-07-09 08:59:22,554 : DEBUG : None
2016-07-09 08:59:22,554 : DEBUG : ==============================
2016-07-09 08:59:22,554 : DEBUG : start running!
2016-07-09 08:59:22,554 : DEBUG : ====================
2016-07-09 08:59:22,751 : INFO : Pattern library is not installed, lemmatization won't be available.
2016-07-09 08:59:22,839 : DEBUG : Fast version of gensim.models.word2vec is being used
2016-07-09 08:59:22,840 : DEBUG : Fast version of gensim.models.doc2vec is being used
2016-07-09 08:59:22,842 : INFO : 'pattern' package not found; tag filters are not available for English
2016-07-09 08:59:23,443 : DEBUG : Building prefix dict from the default dictionary ...
2016-07-09 08:59:23,443 : DEBUG : Loading model from cache /tmp/jieba.cache
2016-07-09 08:59:23,623 : DEBUG : Loading model cost 0.180 seconds.
2016-07-09 08:59:23,623 : DEBUG : Prefix dict has been built succesfully.
2016-07-09 08:59:23,660 : DEBUG : /home/jdwang/PycharmProjects/weiboStanceDetection/train_data/TaskAA_train_data_full_2090.csv
2016-07-09 08:59:23,660 : DEBUG : /home/jdwang/PycharmProjects/weiboStanceDetection/train_data/TaskAA_test_data_Mhalf_896.csv
2016-07-09 08:59:23,763 : DEBUG : ====================
2016-07-09 08:59:56,820 : DEBUG : ====================
2016-07-09 08:59:56,820 : DEBUG : 首先,构建训练库字典,然后将每个词映射到一个索引,再将所有句子映射成索引的列表
2016-07-09 08:59:56,831 : INFO : adding document #0 to Dictionary(0 unique tokens: [])
2016-07-09 08:59:56,966 : INFO : built Dictionary(13906 unique tokens: [u'\u8000', u'\u5f53\u4eca\u793e\u4f1a', u'\u52b1\u5fd7', u'\u5965\u8fea', u'\u6d89']...) from 2090 documents (total 92744 corpus positions)
2016-07-09 08:59:56,966 : INFO : adding document #0 to Dictionary(13906 unique tokens: [u'\u8000', u'\u5f53\u4eca\u793e\u4f1a', u'\u52b1\u5fd7', u'\u5965\u8fea', u'\u6d89']...)
2016-07-09 08:59:56,966 : INFO : built Dictionary(13907 unique tokens: [u'\u8000', u'\u5f53\u4eca\u793e\u4f1a', u'\u52b1\u5fd7', u'\u5965\u8fea', u'\u6d89']...) from 2091 documents (total 92745 corpus positions)
2016-07-09 09:00:40,111 : DEBUG : {'verbose': 0, 'padding_mode': 'center', 'replace_number': True, 'vocabulary_size': 13907, 'mask_zero': True, 'sentence_padding_length': 150, 'remove_stopword': True, 'add_unkown_word': True, 'train_data_count': 2090, 'need_segmented': True, 'full_mode': True}
2016-07-09 09:09:27,245 : DEBUG : {'earlyStoping_patience': 150, 'verbose': 1, 'rand_seed': 1000, 'embedding_dropout_rate': 0.5, 'num_labels': 3, 'kmaxpooling_ktop': 5, 'nb_epoch': 200, 'output_dropout_rate': 0.5, 'input_dim': 13907, 'word_embedding_dim': 300, 'conv_filter_type': [[100, 2, 'full'], [100, 4, 'full']], 'input_length': 150}
